<?xml version="1.0" encoding="UTF-8"?>
<!-- Generated by org.testng.reporters.JUnitReportReporter -->
<testsuite hostname="HP" name="org.sample.Sample" tests="1" failures="0" timestamp="10 Oct 2021 14:18:59 GMT" time="0.243" errors="0">
  <testcase name="tc3" time="0.243" classname="org.sample.Sample"/>
</testsuite> <!-- org.sample.Sample -->
